  SYSTBL  arch/x86/include/generated/asm/syscalls_32.h
  SYSHDR  arch/x86/include/generated/asm/unistd_32_ia32.h
  SYSHDR  arch/x86/include/generated/asm/unistd_64_x64.h
  SYSTBL  arch/x86/include/generated/asm/syscalls_64.h
  SYSHDR  arch/x86/include/generated/uapi/asm/unistd_32.h
  SYSHDR  arch/x86/include/generated/uapi/asm/unistd_64.h
  SYSHDR  arch/x86/include/generated/uapi/asm/unistd_x32.h
  WRAP    arch/x86/include/generated/uapi/asm/bpf_perf_event.h
  WRAP    arch/x86/include/generated/uapi/asm/errno.h
  WRAP    arch/x86/include/generated/uapi/asm/fcntl.h
  WRAP    arch/x86/include/generated/uapi/asm/ioctl.h
  UPD     include/generated/uapi/linux/version.h
  UPD     include/config/kernel.release
  UPD     include/generated/compile.h
  HOSTCC  scripts/basic/fixdep
  HOSTCC  scripts/kconfig/conf.o
  HOSTCC  scripts/kconfig/confdata.o
  HOSTCC  scripts/kconfig/expr.o
  LEX     scripts/kconfig/lexer.lex.c
  YACC    scripts/kconfig/parser.tab.[ch]
  HOSTCC  scripts/kconfig/lexer.lex.o
  HOSTCC  scripts/kconfig/menu.o
  HOSTCC  scripts/kconfig/parser.tab.o
  HOSTCC  scripts/kconfig/preprocess.o
  HOSTCC  scripts/kconfig/symbol.o
  HOSTCC  scripts/kconfig/util.o
  HOSTLD  scripts/kconfig/conf
  HOSTCC  scripts/dtc/dtc.o
  HOSTCC  scripts/dtc/flattree.o
  HOSTCC  scripts/dtc/fstree.o
  HOSTCC  scripts/dtc/data.o
  HOSTCC  scripts/dtc/livetree.o
  HOSTCC  scripts/dtc/treesource.o
  HOSTCC  scripts/dtc/srcpos.o
  HOSTCC  scripts/dtc/checks.o
  HOSTCC  scripts/dtc/util.o
  LEX     scripts/dtc/dtc-lexer.lex.c
  YACC    scripts/dtc/dtc-parser.tab.[ch]
  HOSTCC  scripts/dtc/dtc-lexer.lex.o
  HOSTCC  scripts/dtc/dtc-parser.tab.o
  HOSTLD  scripts/dtc/dtc
  HOSTCC  scripts/genksyms/genksyms.o
  YACC    scripts/genksyms/parse.tab.[ch]
  HOSTCC  scripts/genksyms/parse.tab.o
  LEX     scripts/genksyms/lex.lex.c
  HOSTCC  scripts/genksyms/lex.lex.o
  HOSTLD  scripts/genksyms/genksyms
  HOSTCC  scripts/selinux/genheaders/genheaders
  HOSTCC  scripts/selinux/mdp/mdp
  HOSTCC  scripts/kallsyms
  HOSTCC  scripts/sorttable
  CC      scripts/mod/empty.o
  MKELF   scripts/mod/elfconfig.h
  HOSTCC  scripts/mod/modpost.o
  CC      scripts/mod/devicetable-offsets.s
  HOSTCC  scripts/mod/file2alias.o
  HOSTCC  scripts/mod/sumversion.o
  HOSTLD  scripts/mod/modpost
  CC      kernel/bounds.s
  CHKSHA1 ../include/linux/atomic/atomic-long.h
  CHKSHA1 ../include/linux/atomic/atomic-instrumented.h
  UPD     include/generated/bounds.h
  CC      arch/x86/kernel/asm-offsets.s
  UPD     include/generated/asm-offsets.h
  CALL    ../scripts/checksyscalls.sh
  LDS     scripts/module.lds
  CC      init/main.o
  AS      arch/x86/entry/entry_64.o
  CC      init/do_mounts.o
  CC      init/do_mounts_initrd.o
  CC      init/initramfs.o
  CC      init/calibrate.o
  CC      init/init_task.o
  CC      init/version.o
  CC      ipc/compat.o
  CC      ipc/util.o
  CC      ipc/msgutil.o
  CC      ipc/msg.o
  CC      ipc/sem.o
  CC      ipc/shm.o
  CC      ipc/syscall.o
  CC      ipc/ipc_sysctl.o
  CC      ipc/mqueue.o
  CC      ipc/namespace.o
  AS      arch/x86/kernel/head_64.o
  AS      arch/x86/kernel/head64.o
  CC      arch/x86/kernel/cpu/common.o
  CC      arch/x86/kernel/cpu/rdrand.o
  CC      arch/x86/kernel/cpu/match.o
  CC      arch/x86/kernel/cpu/bugs.o
  CC      arch/x86/kernel/cpu/aperfmperf.o
  CC      arch/x86/kernel/cpu/cpuid-deps.o
  CC      arch/x86/kernel/cpu/umwait.o
  CC      arch/x86/kernel/cpu/proc.o
  CC      arch/x86/kernel/cpu/powerflags.o
  CC      arch/x86/kernel/cpu/feat_ctl.o
  CC      arch/x86/kernel/cpu/intel.o
  CC      arch/x86/kernel/cpu/intel_pconfig.o
  CC      arch/x86/kernel/cpu/tsx.o
  CC      arch/x86/kernel/cpu/intel_epb.o
  CC      arch/x86/kernel/cpu/amd.o
  CC      arch/x86/kernel/cpu/hygon.o
  CC      arch/x86/kernel/cpu/centaur.o
  CC      arch/x86/kernel/cpu/transmeta.o
  CC      arch/x86/kernel/cpu/zhaoxin.o
  CC      arch/x86/kernel/cpu/perfctr-watchdog.o
  CC      arch/x86/kernel/cpu/mce/core.o
  CC      arch/x86/kernel/cpu/mce/severity.o
  CC      arch/x86/kernel/cpu/mce/genpool.o
  CC      arch/x86/kernel/cpu/mce/intel.o
  CC      arch/x86/kernel/cpu/mce/amd.o
  CC      arch/x86/kernel/cpu/mce/threshold.o
  CC      arch/x86/kernel/cpu/mce/apei.o
  CC      arch/x86/kernel/setup.o
  CC      arch/x86/kernel/x86_init.o
  CC      arch/x86/kernel/i8259.o
  CC      arch/x86/kernel/irqinit.o
  CC      arch/x86/kernel/jump_label.o
  CC      arch/x86/kernel/irq.o
  CC      arch/x86/kernel/irq_64.o
  CC      arch/x86/kernel/dumpstack_64.o
  CC      arch/x86/kernel/time.o
  CC      arch/x86/kernel/ioport.o
  CC      arch/x86/kernel/dumpstack.o
  CC      arch/x86/kernel/nmi.o
  CC      arch/x86/kernel/ldt.o
  CC      arch/x86/kernel/setup_percpu.o
  CC      arch/x86/kernel/tsc.o
  CC      arch/x86/kernel/tsc_msr.o
  CC      arch/x86/kernel/io_delay.o
  CC      arch/x86/kernel/rtc.o
  CC      arch/x86/kernel/resource.o
  CC      arch/x86/kernel/process.o
  CC      arch/x86/kernel/fpu/init.o
  CC      arch/x86/kernel/fpu/bugs.o
  CC      arch/x86/kernel/fpu/core.o
  CC      arch/x86/kernel/fpu/regset.o
  CC      arch/x86/kernel/fpu/signal.o
  CC      arch/x86/kernel/fpu/xstate.o
  CC      arch/x86/mm/init.o
  CC      arch/x86/mm/init_64.o
  CC      arch/x86/mm/fault.o
  CC      arch/x86/mm/ioremap.o
  CC      arch/x86/mm/extable.o
  CC      arch/x86/mm/mmap.o
  CC      arch/x86/mm/pgtable.o
  CC      arch/x86/mm/physaddr.o
  CC      arch/x86/mm/tlb.o
  CC      arch/x86/mm/cpu_entry_area.o
  CC      arch/x86/mm/maccess.o
  CC      arch/x86/mm/pgprot.o
  CC      arch/x86/mm/hugetlbpage.o
  CC      arch/x86/mm/kasan_init_64.o
  CC      arch/x86/mm/pti.o
  CC      kernel/fork.o
  CC      kernel/exec_domain.o
  CC      kernel/panic.o
  CC      kernel/cpu.o
  CC      kernel/exit.o
  CC      kernel/softirq.o
  CC      kernel/resource.o
  CC      kernel/sysctl.o
  CC      kernel/sysctl_binary.o
  CC      kernel/capability.o
  CC      kernel/ptrace.o
  CC      kernel/user.o
  CC      kernel/signal.o
  CC      kernel/sys.o
  CC      kernel/kmod.o
  CC      kernel/workqueue.o
  CC      kernel/pid.o
  CC      kernel/task_work.o
  CC      kernel/extable.o
  CC      kernel/params.o
  CC      kernel/kthread.o
  CC      kernel/sys_ni.o
  CC      kernel/nsproxy.o
  CC      kernel/notifier.o
  CC      kernel/ksysfs.o
  CC      kernel/cred.o
  CC      kernel/reboot.o
  CC      kernel/async.o
  CC      kernel/range.o
  CC      kernel/smpboot.o
  CC      kernel/ucount.o
  CC      kernel/regset.o
  CC      kernel/ksyms_common.o
  CC      kernel/groups.o
  CC      kernel/sched/core.o
  CC      kernel/sched/fair.o
  CC      kernel/sched/build_policy.o
  CC      kernel/sched/build_utility.o
  CC      kernel/locking/mutex.o
  CC      kernel/locking/semaphore.o
  CC      kernel/locking/rwsem.o
  CC      kernel/locking/percpu-rwsem.o
  CC      kernel/locking/spinlock.o
  CC      kernel/locking/osq_lock.o
  CC      kernel/locking/qspinlock.o
  CC      kernel/locking/rtmutex_api.o
  CC      kernel/locking/spinlock_debug.o
  CC      kernel/power/qos.o
  CC      kernel/printk/printk.o
  CC      kernel/printk/printk_safe.o
  CC      kernel/printk/printk_ringbuffer.o
  CC      kernel/printk/sysctl.o
  CC      kernel/printk/index.o
  CC      kernel/irq/irqdesc.o
  CC      kernel/irq/handle.o
  CC      kernel/irq/manage.o
  CC      kernel/irq/spurious.o
  CC      kernel/irq/resend.o
  CC      kernel/irq/chip.o
  CC      kernel/irq/dummychip.o
  CC      kernel/irq/devres.o
  CC      kernel/irq/autoprobe.o
  CC      kernel/irq/irqdomain.o
  CC      kernel/irq/proc.o
  CC      kernel/irq/migration.o
  CC      kernel/irq/cpuhotplug.o
  CC      kernel/irq/pm.o
  CC      kernel/irq/msi.o
  CC      kernel/irq/affinity.o
  CC      kernel/irq/matrix.o
  CC      kernel/irq/timings.o
  CC      kernel/irq/debugfs.o
  CC      kernel/rcu/update.o
  CC      kernel/rcu/sync.o
  CC      kernel/rcu/srcutree.o
  CC      kernel/rcu/tree.o
  CC      kernel/rcu/rcu_segcblist.o
  CC      kernel/time/time.o
  CC      kernel/time/timer.o
  CC      kernel/time/hrtimer.o
  CC      kernel/time/timekeeping.o
  CC      kernel/time/ntp.o
  CC      kernel/time/clocksource.o
  CC      kernel/time/jiffies.o
  CC      kernel/time/timer_list.o
  CC      kernel/time/timeconv.o
  CC      kernel/time/timecounter.o
  CC      kernel/time/alarmtimer.o
  CC      kernel/time/posix-timers.o
  CC      kernel/time/posix-cpu-timers.o
  CC      kernel/time/posix-clock.o
  CC      kernel/time/itimer.o
  CC      kernel/time/clockevents.o
  CC      kernel/time/tick-common.o
  CC      kernel/time/tick-broadcast.o
  CC      kernel/time/tick-broadcast-hrtimer.o
  CC      kernel/time/tick-oneshot.o
  CC      kernel/time/tick-sched.o
  CC      kernel/time/timer_migration.o
  CC      kernel/time/vsyscall.o
  CC      kernel/time/timekeeping_debug.o
  CC      kernel/time/namespace.o
  CC      mm/filemap.o
  CC      mm/mempool.o
  CC      mm/oom_kill.o
  CC      mm/fadvise.o
  CC      mm/maccess.o
  CC      mm/page-writeback.o
  CC      mm/folio-compat.o
  CC      mm/readahead.o
  CC      mm/swap.o
  CC      mm/truncate.o
  CC      mm/vmscan.o
  CC      mm/shmem.o
  CC      mm/util.o
  CC      mm/mmzone.o
  CC      mm/vmstat.o
  CC      mm/backing-dev.o
  CC      mm/mm_init.o
  CC      mm/percpu.o
  CC      mm/slab_common.o
  CC      mm/compaction.o
  CC      mm/vmacache.o
  CC      mm/interval_tree.o
  CC      mm/list_lru.o
  CC      mm/workingset.o
  CC      mm/debug.o
  CC      mm/gup.o
  CC      mm/mmap_lock.o
  CC      mm/page_alloc.o
  CC      mm/page_poison.o
  CC      mm/page_vma_mapped.o
  CC      mm/pagewalk.o
  CC      mm/pgtable-generic.o
  CC      mm/rmap.o
  CC      mm/vmalloc.o
  CC      mm/process_vm_access.o
  CC      mm/page_idle.o
  CC      mm/bootmem_info.o
  CC      mm/slub.o
  CC      mm/mprotect.o
  CC      mm/mremap.o
  CC      mm/msync.o
  CC      mm/page_io.o
  CC      mm/swap_state.o
  CC      mm/swapfile.o
  CC      mm/swap_slots.o
  CC      mm/dmapool.o
  CC      mm/frontswap.o
  CC      mm/zswap.o
  CC      mm/zpool.o
  CC      mm/zsmalloc.o
  CC      mm/memcontrol.o
  CC      mm/vmpressure.o
  CC      mm/page_counter.o
  CC      mm/memfd.o
  CC      mm/swap_cgroup.o
  CC      mm/hugetlb_cgroup.o
  CC      mm/kmemleak.o
  CC      mm/page_owner.o
  CC      mm/cleancache.o
  CC      mm/memory.o
  CC      mm/mincore.o
  CC      mm/mlock.o
  CC      mm/mmap.o
  CC      mm/mmu_gather.o
  CC      mm/nommu.o
  CC      mm/highmem.o
  CC      mm/hugetlb.o
  CC      mm/ptdump.o
  CC      mm/madvise.o
  CC      mm/shmem_quota.o
  CC      mm/userfaultfd.o
  CC      mm/page_reporting.o
  CC      fs/open.o
  CC      fs/read_write.o
  CC      fs/file_table.o
  CC      fs/super.o
  CC      fs/char_dev.o
  CC      fs/stat.o
  CC      fs/exec.o
  CC      fs/pipe.o
  CC      fs/namei.o
  CC      fs/fcntl.o
  CC      fs/ioctl.o
  CC      fs/readdir.o
  CC      fs/select.o
  CC      fs/dcache.o
  CC      fs/inode.o
  CC      fs/attr.o
  CC      fs/bad_inode.o
  CC      fs/file.o
  CC      fs/filesystems.o
  CC      fs/namespace.o
  CC      fs/seq_file.o
  CC      fs/xattr.o
  CC      fs/libfs.o
  CC      fs/fs-writeback.o
  CC      fs/pnode.o
  CC      fs/splice.o
  CC      fs/sync.o
  CC      fs/utimes.o
  CC      fs/d_path.o
  CC      fs/stack.o
  CC      fs/fs_struct.o
  CC      fs/statfs.o
  CC      fs/fs_pin.o
  CC      fs/nsfs.o
  CC      fs/fs_types.o
  CC      fs/fs_context.o
  CC      fs/fs_parser.o
  CC      fs/fsopen.o
  CC      fs/init.o
  CC      fs/kernel_read_file.o
  CC      fs/remap_range.o
  CC      fs/buffer.o
  CC      fs/mpage.o
  CC      fs/proc/task_mmu.o
  CC      fs/proc/inode.o
  CC      fs/proc/root.o
  CC      fs/proc/base.o
  CC      fs/proc/generic.o
  CC      fs/proc/array.o
  CC      fs/proc/fd.o
  CC      fs/proc/proc_tty.o
  CC      fs/proc/cmdline.o
  CC      fs/proc/consoles.o
  CC      fs/proc/cpuinfo.o
  CC      fs/proc/devices.o
  CC      fs/proc/interrupts.o
  CC      fs/proc/loadavg.o
  CC      fs/proc/meminfo.o
  CC      fs/proc/stat.o
  CC      fs/proc/uptime.o
  CC      fs/proc/util.o
  CC      fs/proc/version.o
  CC      fs/proc/softirqs.o
  CC      fs/proc/namespaces.o
  CC      fs/proc/self.o
  CC      fs/proc/thread_self.o
  CC      fs/proc/proc_sysctl.o
  CC      fs/proc/proc_net.o
  CC      fs/proc/vmcore.o
  CC      fs/proc/kmsg.o
  CC      fs/proc/page.o
  CC      fs/kernfs/mount.o
  CC      fs/kernfs/inode.o
  CC      fs/kernfs/dir.o
  CC      fs/kernfs/file.o
  CC      fs/kernfs/symlink.o
  CC      fs/sysfs/file.o
  CC      fs/sysfs/dir.o
  CC      fs/sysfs/symlink.o
  CC      fs/sysfs/mount.o
  CC      fs/sysfs/group.o
  CC      fs/configfs/inode.o
  CC      fs/configfs/file.o
  CC      fs/configfs/dir.o
  CC      fs/configfs/symlink.o
  CC      fs/configfs/mount.o
  CC      fs/configfs/item.o
  CC      fs/devpts/inode.o
  CC      fs/ext4/balloc.o
  CC      fs/ext4/bitmap.o
  CC      fs/ext4/block_validity.o
  CC      fs/ext4/dir.o
  CC      fs/ext4/ext4_jbd2.o
  CC      fs/ext4/extents.o
  CC      fs/ext4/extents_status.o
  CC      fs/ext4/file.o
  CC      fs/ext4/fsmap.o
  CC      fs/ext4/fsync.o
  CC      fs/ext4/hash.o
  CC      fs/ext4/ialloc.o
  CC      fs/ext4/indirect.o
  CC      fs/ext4/inline.o
  CC      fs/ext4/inode.o
  CC      fs/ext4/ioctl.o
  CC      fs/ext4/mballoc.o
  CC      fs/ext4/migrate.o
  CC      fs/ext4/mmp.o
  CC      fs/ext4/move_extent.o
  CC      fs/ext4/namei.o
  CC      fs/ext4/page-io.o
  CC      fs/ext4/readpage.o
  CC      fs/ext4/resize.o
  CC      fs/ext4/super.o
  CC      fs/ext4/symlink.o
  CC      fs/ext4/sysfs.o
  CC      fs/ext4/xattr.o
  CC      fs/ext4/xattr_hurd.o
  CC      fs/ext4/xattr_trusted.o
  CC      fs/ext4/xattr_user.o
  CC      fs/ext4/fast_commit.o
  CC      fs/ext4/orphan.o
  CC      fs/ext4/acl.o
  CC      fs/ext4/xattr_security.o
  CC      fs/ext4/verity.o
  CC      fs/jbd2/transaction.o
  CC      fs/jbd2/commit.o
  CC      fs/jbd2/recovery.o
  CC      fs/jbd2/checkpoint.o
  CC      fs/jbd2/revoke.o
  CC      fs/jbd2/journal.o
  CC      fs/mbcache.o
  CC      fs/posix_acl.o
  CC      fs/coredump.o
  CC      fs/drop_caches.o
  CC      fs/fhandle.o
  CC      fs/dcookies.o
  CC      fs/eventfd.o
  CC      fs/userfaultfd.o
  CC      fs/aio.o
  CC      fs/locks.o
  CC      fs/binfmt_misc.o
  CC      fs/binfmt_script.o
  CC      fs/binfmt_elf.o
  CC      fs/compat_binfmt_elf.o
  CC      fs/mbcache.o
  CC      fs/quota/dquot.o
  CC      fs/quota/quota.o
  CC      fs/quota/kqid.o
  CC      fs/quota/quota_v2.o
  CC      fs/quota/quota_tree.o
  CC      net/socket.o
  CC      net/core/sock.o
  CC      net/core/request_sock.o
  CC      net/core/skbuff.o
  CC      net/core/datagram.o
  CC      net/core/stream.o
  CC      net/core/scm.o
  CC      net/core/gen_stats.o
  CC      net/core/gen_estimator.o
  CC      net/core/net_namespace.o
  CC      net/core/secure_seq.o
  CC      net/core/flow_dissector.o
  CC      net/core/sysctl_net_core.o
  CC      net/core/dev.o
  CC      net/core/dev_addr_lists.o
  CC      net/core/dst.o
  CC      net/core/netevent.o
  CC      net/core/neighbour.o
  CC      net/core/rtnetlink.o
  CC      net/core/utils.o
  CC      net/core/link_watch.o
  CC      net/core/filter.o
  CC      net/core/sock_diag.o
  CC      net/core/dev_ioctl.o
  CC      net/core/tso.o
  CC      net/core/sock_reuseport.o
  CC      net/core/fib_notifier.o
  CC      net/core/xdp.o
  CC      net/core/flow_offload.o
  CC      net/ipv4/route.o
  CC      net/ipv4/inetpeer.o
  CC      net/ipv4/protocol.o
  CC      net/ipv4/ip_input.o
  CC      net/ipv4/ip_fragment.o
  CC      net/ipv4/ip_forward.o
  CC      net/ipv4/ip_options.o
  CC      net/ipv4/ip_output.o
  CC      net/ipv4/ip_sockglue.o
  CC      net/ipv4/inet_hashtables.o
  CC      net/ipv4/inet_timewait_sock.o
  CC      net/ipv4/inet_connection_sock.o
  CC      net/ipv4/tcp.o
  CC      net/ipv4/tcp_input.o
  CC      net/ipv4/tcp_output.o
  CC      net/ipv4/tcp_timer.o
  CC      net/ipv4/tcp_ipv4.o
  CC      net/ipv4/tcp_minisocks.o
  CC      net/ipv4/tcp_cong.o
  CC      net/ipv4/tcp_metrics.o
  CC      net/ipv4/tcp_fastopen.o
  CC      net/ipv4/tcp_rate.o
  CC      net/ipv4/tcp_recovery.o
  CC      net/ipv4/tcp_ulp.o
  CC      net/ipv4/tcp_offload.o
  CC      net/ipv4/tcp_plb.o
  CC      net/ipv4/datagram.o
  CC      net/ipv4/raw.o
  CC      net/ipv4/udp.o
  CC      net/ipv4/udplite.o
  CC      net/ipv4/udp_offload.o
  CC      net/ipv4/arp.o
  CC      net/ipv4/icmp.o
  CC      net/ipv4/devinet.o
  CC      net/ipv4/af_inet.o
  CC      net/ipv4/igmp.o
  CC      net/ipv4/fib_frontend.o
  CC      net/ipv4/fib_semantics.o
  CC      net/ipv4/fib_trie.o
  CC      net/ipv4/fib_notifier.o
  CC      net/ipv4/inet_fragment.o
  CC      net/ipv4/ping.o
  CC      net/ipv4/ip_tunnel_core.o
  CC      net/ipv4/gre_offload.o
  CC      net/ipv4/metrics.o
  CC      net/ipv4/netlink.o
  CC      net/ipv4/nexthop.o
  CC      net/ipv4/udp_tunnel_core.o
  CC      net/ipv4/udp_tunnel_nic.o
  CC      net/ipv4/sysctl_net_ipv4.o
  CC      net/ipv4/proc.o
  CC      net/ipv4/syncookies.o
  CC      net/ipv4/esp4.o
  CC      net/ipv4/ah4.o
  CC      net/ipv4/xfrm4_policy.o
  CC      net/ipv4/xfrm4_state.o
  CC      net/ipv4/xfrm4_input.o
  CC      net/ipv4/xfrm4_output.o
  CC      net/ipv4/xfrm4_protocol.o
  CC      net/ipv4/tunnel4.o
  CC      net/ipv4/ipcomp.o
  CC      net/ipv4/xfrm4_tunnel.o
  CC      net/ipv4/inet_diag.o
  CC      net/ipv4/tcp_diag.o
  CC      net/ipv4/tcp_cubic.o
  CC      net/ipv6/af_inet6.o
  CC      net/ipv6/anycast.o
  CC      net/ipv6/ip6_output.o
  CC      net/ipv6/ip6_input.o
  CC      net/ipv6/addrconf.o
  CC      net/ipv6/addrlabel.o
  CC      net/ipv6/route.o
  CC      net/ipv6/ip6_fib.o
  CC      net/ipv6/ipv6_sockglue.o
  CC      net/ipv6/ndisc.o
  CC      net/ipv6/udp.o
  CC      net/ipv6/udplite.o
  CC      net/ipv6/raw.o
  CC      net/ipv6/icmp.o
  CC      net/ipv6/mcast.o
  CC      net/ipv6/reassembly.o
  CC      net/ipv6/tcp_ipv6.o
  CC      net/ipv6/ping.o
  CC      net/ipv6/exthdrs.o
  CC      net/ipv6/datagram.o
  CC      net/ipv6/ip6_flowlabel.o
  CC      net/ipv6/inet6_connection_sock.o
  CC      net/ipv6/udp_offload.o
  CC      net/ipv6/seg6.o
  CC      net/ipv6/fib6_notifier.o
  CC      net/ipv6/rpl.o
  CC      net/ipv6/ioam6.o
  CC      net/ipv6/sysctl_net_ipv6.o
  CC      net/ipv6/xfrm6_policy.o
  CC      net/ipv6/xfrm6_state.o
  CC      net/ipv6/xfrm6_input.o
  CC      net/ipv6/xfrm6_output.o
  CC      net/ipv6/xfrm6_protocol.o
  CC      net/ipv6/esp6.o
  CC      net/ipv6/ah6.o
  CC      net/ipv6/ipcomp6.o
  CC      net/ipv6/xfrm6_tunnel.o
  CC      net/ipv6/tunnel6.o
  CC      net/ipv6/mip6.o
  CC      net/ipv6/inet6_hashtables.o
  CC      net/ipv6/ip6_tunnel.o
  CC      net/ipv6/addrconf_core.o
  CC      net/ipv6/exthdrs_core.o
  CC      net/ipv6/ip6_checksum.o
  CC      net/ipv6/ip6_icmp.o
  CC      net/ipv6/output_core.o
  CC      net/ipv6/protocol.o
  CC      net/ipv6/ip6_offload.o
  CC      net/ipv6/tcpv6_offload.o
  CC      net/ipv6/udp_impl.o
  CC      net/ipv6/ip6mr.o
  CC      net/ipv6/proc.o
  CC      net/ipv6/syncookies.o
  CC      net/ipv6/calipso.o
  CC      net/ipv6/seg6_iptunnel.o
  CC      net/ipv6/seg6_local.o
  CC      net/ipv6/seg6_hmac.o
  CC      net/ipv6/ioam6_pernet.o
  CC      net/netlink/af_netlink.o
  CC      net/netlink/genetlink.o
  CC      net/netlink/policy.o
  CC      net/packet/af_packet.o
  CC      net/unix/af_unix.o
  CC      net/unix/garbage.o
  CC      net/unix/sysctl_net_unix.o
  CC      net/unix/diag.o
  CC      net/xfrm/xfrm_policy.o
  CC      net/xfrm/xfrm_state.o
  CC      net/xfrm/xfrm_hash.o
  CC      net/xfrm/xfrm_input.o
  CC      net/xfrm/xfrm_output.o
  CC      net/xfrm/xfrm_sysctl.o
  CC      net/xfrm/xfrm_replay.o
  CC      net/xfrm/xfrm_device.o
  CC      net/xfrm/xfrm_proc.o
  CC      net/xfrm/xfrm_algo.o
  CC      net/xfrm/xfrm_user.o
  CC      net/xfrm/xfrm_interface.o
  CC      security/commoncap.o
  CC      security/min_addr.o
  CC      security/keys/gc.o
  CC      security/keys/key.o
  CC      security/keys/keyring.o
  CC      security/keys/keyctl.o
  CC      security/keys/permission.o
  CC      security/keys/process_keys.o
  CC      security/keys/request_key.o
  CC      security/keys/request_key_auth.o
  CC      security/keys/user_defined.o
  CC      security/keys/compat.o
  CC      security/keys/proc.o
  CC      security/keys/sysctl.o
  CC      security/keys/persistent.o
  CC      security/keys/dh.o
  CC      security/keys/keyctl_pkey.o
  CC      security/selinux/avc.o
  CC      security/selinux/hooks.o
  CC      security/selinux/selinuxfs.o
  CC      security/selinux/netlink.o
  CC      security/selinux/nlmsgtab.o
  CC      security/selinux/netif.o
  CC      security/selinux/netnode.o
  CC      security/selinux/netport.o
  CC      security/selinux/exports.o
  CC      security/selinux/ss/ebitmap.o
  CC      security/selinux/ss/hashtab.o
  CC      security/selinux/ss/symtab.o
  CC      security/selinux/ss/sidtab.o
  CC      security/selinux/ss/avtab.o
  CC      security/selinux/ss/policydb.o
  CC      security/selinux/ss/services.o
  CC      security/selinux/ss/conditional.o
  CC      security/selinux/ss/mls.o
  CC      security/selinux/ss/status.o
  CC      security/integrity/iint.o
  CC      security/integrity/ima/ima_fs.o
  CC      security/integrity/ima/ima_queue.o
  CC      security/integrity/ima/ima_init.o
  CC      security/integrity/ima/ima_main.o
  CC      security/integrity/ima/ima_crypto.o
  CC      security/integrity/ima/ima_api.o
  CC      security/integrity/ima/ima_policy.o
  CC      security/integrity/ima/ima_template.o
  CC      security/integrity/ima/ima_template_lib.o
  CC      security/integrity/ima/ima_appraise.o
  CC      sound/core/sound.o
  CC      sound/core/init.o
  CC      sound/core/memory.o
  CC      sound/core/control.o
  CC      sound/core/misc.o
  CC      sound/core/device.o
  CC      sound/core/info.o
  CC      sound/core/info_oss.o
  CC      sound/core/isadma.o
  CC      sound/core/vmaster.o
  CC      sound/core/ctljack.o
  CC      sound/core/jack.o
  CC      sound/core/timer.o
  CC      sound/core/hrtimer.o
  CC      sound/core/pcm.o
  CC      sound/core/pcm_native.o
  CC      sound/core/pcm_lib.o
  CC      sound/core/pcm_misc.o
  CC      sound/core/pcm_memory.o
  CC      sound/core/pcm_timer.o
  CC      sound/core/rawmidi.o
  CC      sound/core/seq/seq.o
  CC      sound/core/seq/seq_lock.o
  CC      sound/core/seq/seq_clientmgr.o
  CC      sound/core/seq/seq_memory.o
  CC      sound/core/seq/seq_queue.o
  CC      sound/core/seq/seq_fifo.o
  CC      sound/core/seq/seq_prioq.o
  CC      sound/core/seq/seq_timer.o
  CC      sound/core/seq/seq_system.o
  CC      sound/core/seq/seq_ports.o
  CC      sound/core/seq/seq_info.o
  CC      drivers/pci/access.o
  CC      drivers/pci/bus.o
  CC      drivers/pci/probe.o
  CC      drivers/pci/host-bridge.o
  CC      drivers/pci/remove.o
  CC      drivers/pci/pci.o
  CC      drivers/pci/pci-driver.o
  CC      drivers/pci/search.o
  CC      drivers/pci/pci-sysfs.o
  CC      drivers/pci/rom.o
  CC      drivers/pci/setup-res.o
  CC      drivers/pci/irq.o
  CC      drivers/pci/vpd.o
  CC      drivers/pci/setup-bus.o
  CC      drivers/pci/vc.o
  CC      drivers/pci/mmap.o
  CC      drivers/pci/setup-irq.o
  CC      drivers/pci/proc.o
  CC      drivers/pci/slot.o
  CC      drivers/pci/pci-acpi.o
  CC      drivers/pci/pci-label.o
  CC      drivers/pci/quirks.o
  CC      drivers/pci/ats.o
  CC      drivers/pci/iov.o
  CC      drivers/pci/pcie/portdrv_core.o
  CC      drivers/pci/pcie/portdrv_pci.o
  CC      drivers/pci/pcie/err.o
  CC      drivers/pci/pcie/aer.o
  CC      drivers/pci/pcie/dpc.o
  CC      drivers/pci/hotplug/pci_hotplug_core.o
  CC      drivers/pci/hotplug/acpi_pcihp.o
  CC      drivers/pci/controller/dwc/pcie-designware.o
  CC      drivers/pci/controller/dwc/pcie-designware-host.o
  CC      drivers/pci/controller/dwc/pcie-designware-ep.o
  CC      drivers/pci/controller/dwc/pcie-designware-plat.o
  CC      drivers/acpi/acpica/dsargs.o
  CC      drivers/acpi/acpica/dscontrol.o
  CC      drivers/acpi/acpica/dsdebug.o
  CC      drivers/acpi/acpica/dsfield.o
  CC      drivers/acpi/acpica/dsinit.o
  CC      drivers/acpi/acpica/dsmethod.o
  CC      drivers/acpi/acpica/dsmthdat.o
  CC      drivers/acpi/acpica/dsobject.o
  CC      drivers/acpi/acpica/dsopcode.o
  CC      drivers/acpi/acpica/dsutils.o
  CC      drivers/acpi/acpica/dswexec.o
  CC      drivers/acpi/acpica/dswload.o
  CC      drivers/acpi/acpica/dswload2.o
  CC      drivers/acpi/acpica/dswscope.o
  CC      drivers/acpi/acpica/dswstate.o
  CC      drivers/usb/core/usb.o
  CC      drivers/usb/core/hub.o
  CC      drivers/usb/core/hcd.o
  CC      drivers/usb/core/urb.o
  CC      drivers/usb/core/message.o
  CC      drivers/usb/core/driver.o
  CC      drivers/usb/core/config.o
  CC      drivers/usb/core/file.o
  CC      drivers/usb/core/buffer.o
  CC      drivers/usb/core/sysfs.o
  CC      drivers/usb/core/endpoint.o
  CC      drivers/usb/core/devio.o
  CC      drivers/usb/core/notify.o
  CC      drivers/usb/core/generic.o
  CC      drivers/usb/core/quirks.o
  CC      drivers/usb/core/devices.o
  CC      drivers/usb/core/port.o
  CC      drivers/usb/core/hcd-pci.o
  CC      drivers/usb/core/usb-acpi.o
  CC      drivers/usb/host/pci-quirks.o
  CC      drivers/usb/host/ehci-hcd.o
  CC      drivers/usb/host/ehci-pci.o
  CC      drivers/usb/host/ohci-hcd.o
  CC      drivers/usb/host/ohci-pci.o
  CC      drivers/usb/host/uhci-hcd.o
  CC      drivers/usb/host/xhci.o
  CC      drivers/usb/host/xhci-mem.o
  CC      drivers/usb/host/xhci-ext-caps.o
  CC      drivers/usb/host/xhci-ring.o
  CC      drivers/usb/host/xhci-hub.o
  CC      drivers/usb/host/xhci-dbg.o
  CC      drivers/usb/host/xhci-trace.o
  CC      drivers/usb/host/xhci-pci.o
  CC      drivers/video/fbdev/core/fb_notify.o
  CC      drivers/video/fbdev/core/fbmem.o
  CC      drivers/video/fbdev/core/fbmon.o
  CC      drivers/video/fbdev/core/fbcmap.o
  CC      drivers/video/fbdev/core/fbsysfs.o
  CC      drivers/video/fbdev/core/modedb.o
  CC      drivers/video/fbdev/core/fbcvt.o
  CC      drivers/video/console/dummycon.o
  CC      drivers/video/console/fbcon.o
  CC      drivers/video/console/bitblit.o
  CC      drivers/video/console/softcursor.o
  CC      drivers/video/console/tileblit.o
  CC      drivers/input/input.o
  CC      drivers/input/input-compat.o
  CC      drivers/input/input-mt.o
  CC      drivers/input/input-poller.o
  CC      drivers/input/ff-core.o
  CC      drivers/input/ff-memless.o
  CC      drivers/input/vivaldi-fmap.o
  CC      drivers/input/input-leds.o
  CC      drivers/input/evdev.o
  CC      drivers/input/keyboard/atkbd.o
  CC      drivers/input/serio/serio.o
  CC      drivers/input/serio/i8042.o
  CC      drivers/input/serio/libps2.o
  CC      drivers/input/mouse/psmouse-base.o
  CC      drivers/input/mouse/synaptics.o
  CC      drivers/input/mouse/focaltech.o
  CC      drivers/input/mouse/alps.o
  CC      drivers/input/mouse/byd.o
  CC      drivers/input/mouse/logips2pp.o
  CC      drivers/input/mouse/lifebook.o
  CC      drivers/input/mouse/trackpoint.o
  CC      drivers/input/mouse/elantech.o
  CC      drivers/md/persistent-data/dm-array.o
  CC      drivers/md/persistent-data/dm-bitset.o
  CC      drivers/md/persistent-data/dm-block-manager.o
  CC      drivers/md/persistent-data/dm-space-map-common.o
  CC      drivers/md/persistent-data/dm-space-map-disk.o
  CC      drivers/md/persistent-data/dm-space-map-metadata.o
  CC      drivers/md/persistent-data/dm-transaction-manager.o
  CC      drivers/md/persistent-data/dm-btree.o
  CC      drivers/md/persistent-data/dm-btree-remove.o
  CC      drivers/md/dm.o
  CC      drivers/md/dm-table.o
  CC      drivers/md/dm-target.o
  CC      drivers/md/dm-linear.o
  CC      drivers/md/dm-stripe.o
  CC      drivers/md/dm-ioctl.o
  CC      drivers/md/dm-io.o
  CC      drivers/md/dm-kcopyd.o
  CC      drivers/md/dm-sysfs.o
  CC      drivers/md/dm-stats.o
  CC      drivers/md/dm-rq.o
  CC      drivers/md/dm-verity-fec.o
  CC      drivers/md/dm-verity-target.o
  CC      drivers/md/dm-crypt.o
  CC      drivers/md/dm-snap.o
  CC      drivers/md/dm-exception-store.o
  CC      drivers/md/dm-snap-transient.o
  CC      drivers/md/dm-snap-persistent.o
  CC      drivers/md/dm-mirror.o
  CC      drivers/md/dm-log.o
  CC      drivers/md/dm-region-hash.o
  CC      drivers/md/dm-zero.o
  CC      drivers/md/raid0.o
  CC      drivers/md/raid1.o
  CC      drivers/md/raid10.o
  CC      drivers/md/raid5.o
  CC      drivers/md/raid5-cache.o
  CC      drivers/md/raid5-ppl.o
  CC      drivers/md/multipath.o
  CC      drivers/md/faulty.o
  CC      drivers/md/md.o
  CC      drivers/md/md-bitmap.o
  CC      drivers/md/md-autodetect.o
  CC      drivers/md/md-linear.o
  CC      drivers/md/md-cluster.o
  CC      drivers/md/dm-raid.o
  CC      drivers/md/dm-thin.o
  CC      drivers/md/dm-thin-metadata.o
  CC      drivers/md/dm-cache-target.o
  CC      drivers/md/dm-cache-metadata.o
  CC      drivers/md/dm-cache-policy.o
  CC      drivers/md/dm-writecache.o
  CC      drivers/md/dm-era-target.o
  CC      drivers/md/dm-clone-target.o
  CC      drivers/md/dm-clone-metadata.o
  CC      drivers/gpu/drm/i915/i915_driver.o
  CC      drivers/gpu/drm/i915/i915_drv.o
  CC      drivers/gpu/drm/i915/i915_irq.o
  CC      drivers/gpu/drm/i915/i915_pci.o
  CC      drivers/gpu/drm/i915/i915_scatterlist.o
  CC      drivers/gpu/drm/i915/i915_suspend.o
  CC      drivers/gpu/drm/i915/i915_switcheroo.o
  CC      drivers/gpu/drm/i915/i915_sysfs.o
  CC      drivers/gpu/drm/i915/intel_csr.o
  CC      drivers/gpu/drm/i915/intel_device_info.o
  CC      drivers/gpu/drm/i915/intel_dram.o
  CC      drivers/gpu/drm/i915/intel_memory_region.o
  CC      drivers/gpu/drm/i915/intel_pch.o
  CC      drivers/gpu/drm/i915/intel_pm.o
  CC      drivers/gpu/drm/i915/intel_runtime_pm.o
  CC      drivers/gpu/drm/i915/intel_sideband.o
  CC      drivers/gpu/drm/i915/intel_step.o
  CC      drivers/gpu/drm/i915/intel_uncore.o
  CC      drivers/gpu/drm/i915/intel_wakeref.o
  CC      drivers/gpu/drm/i915/vlv_suspend.o
  CC      drivers/net/ethernet/intel/e1000/e1000_main.o
  CC      drivers/net/ethernet/intel/e1000/e1000_hw.o
  CC      drivers/net/ethernet/intel/e1000/e1000_ethtool.o
  CC      drivers/net/ethernet/intel/e1000/e1000_param.o
  CC      drivers/net/ethernet/intel/e1000e/82571.o
  CC      drivers/net/ethernet/intel/e1000e/ich8lan.o
  CC      drivers/net/ethernet/intel/e1000e/80003es2lan.o
  CC      drivers/net/ethernet/intel/e1000e/mac.o
  CC      drivers/net/ethernet/intel/e1000e/manage.o
  CC      drivers/net/ethernet/intel/e1000e/nvm.o
  CC      drivers/net/ethernet/intel/e1000e/phy.o
  CC      drivers/net/ethernet/intel/e1000e/param.o
  CC      drivers/net/ethernet/intel/e1000e/ethtool.o
  CC      drivers/net/ethernet/intel/e1000e/netdev.o
  CC      drivers/net/ethernet/intel/e1000e/ptp.o
  CC      drivers/net/ethernet/realtek/r8169_main.o
  CC      drivers/net/ethernet/realtek/r8169_firmware.o
  CC      drivers/net/ethernet/realtek/r8169_phy_config.o
  CC      drivers/ata/libata-core.o
  CC      drivers/ata/libata-scsi.o
  CC      drivers/ata/libata-eh.o
  CC      drivers/ata/libata-transport.o
  CC      drivers/ata/libata-trace.o
  CC      drivers/ata/libata-sff.o
  CC      drivers/ata/libata-pmp.o
  CC      drivers/ata/libata-acpi.o
  CC      drivers/ata/libata-pata-timings.o
  CC      drivers/ata/libata-zpodd.o
  CC      drivers/ata/ahci.o
  CC      drivers/ata/ahci_platform.o
  CC      drivers/ata/libahci.o
  CC      drivers/ata/libahci_platform.o
  CC      drivers/ata/ata_piix.o
  CC      drivers/ata/pata_sis.o
  CC      drivers/scsi/scsi.o
  CC      drivers/scsi/hosts.o
  CC      drivers/scsi/scsi_ioctl.o
  CC      drivers/scsi/constants.o
  CC      drivers/scsi/scsicam.o
  CC      drivers/scsi/scsi_error.o
  CC      drivers/scsi/scsi_lib.o
  CC      drivers/scsi/scsi_lib_dma.o
  CC      drivers/scsi/scsi_scan.o
  CC      drivers/scsi/scsi_sysfs.o
  CC      drivers/scsi/scsi_devinfo.o
  CC      drivers/scsi/scsi_sysctl.o
  CC      drivers/scsi/scsi_proc.o
  CC      drivers/scsi/scsi_trace.o
  CC      drivers/scsi/scsi_logging.o
  CC      drivers/scsi/scsi_pm.o
  CC      drivers/scsi/scsi_bsg.o
  CC      drivers/scsi/scsi_common.o
  CC      drivers/scsi/sd.o
  CC      drivers/scsi/sg.o
  CC      drivers/scsi/sr.o
  CC      drivers/scsi/sr_ioctl.o
  CC      drivers/scsi/sr_vendor.o
  CC      drivers/nvme/host/core.o
  CC      drivers/nvme/host/ioctl.o
  CC      drivers/nvme/host/sysfs.o
  CC      drivers/nvme/host/lightnvm.o
  CC      drivers/nvme/host/multipath.o
  CC      drivers/nvme/host/pci.o
  CC      drivers/nvme/host/trace.o
  CC      crypto/api.o
  CC      crypto/cipher.o
  CC      crypto/compress.o
  CC      crypto/memneq.o
  CC      crypto/crypto_wq.o
  CC      crypto/algapi.o
  CC      crypto/scatterwalk.o
  CC      crypto/proc.o
  CC      crypto/aead.o
  CC      crypto/geniv.o
  CC      crypto/skcipher.o
  CC      crypto/seqiv.o
  CC      crypto/echainiv.o
  CC      crypto/ahash.o
  CC      crypto/shash.o
  CC      crypto/akcipher.o
  CC      crypto/kpp.o
  CC      crypto/dh.o
  CC      crypto/dh_helper.o
  CC      crypto/rsa.o
  CC      crypto/rsa_helper.o
  CC      crypto/rsa-pkcs1pad.o
  CC      crypto/acompress.o
  CC      crypto/scompress.o
  CC      crypto/algboss.o
  CC      crypto/testmgr.o
  CC      crypto/cmac.o
  CC      crypto/hmac.o
  CC      crypto/vmac.o
  CC      crypto/xcbc.o
  CC      crypto/crypto_null.o
  CC      crypto/md5.o
  CC      crypto/sha1_generic.o
  CC      crypto/sha256_generic.o
  CC      crypto/sha512_generic.o
  CC      crypto/sha3_generic.o
  CC      crypto/ecb.o
  CC      crypto/cbc.o
  CC      crypto/cts.o
  CC      crypto/ctr.o
  CC      crypto/gcm.o
  CC      crypto/ccm.o
  CC      crypto/chacha_generic.o
  CC      crypto/poly1305_generic.o
  CC      crypto/chacha20poly1305.o
  CC      crypto/des_generic.o
  CC      crypto/aes_generic.o
  CC      crypto/deflate.o
  CC      crypto/lzo.o
  CC      crypto/lzo-rle.o
  CC      crypto/lz4.o
  CC      crypto/lz4hc.o
  CC      crypto/zstd.o
  CC      crypto/rng.o
  CC      crypto/ansi_cprng.o
  CC      crypto/drbg.o
  CC      crypto/jitterentropy.o
  CC      crypto/jitterentropy-kcapi.o
  CC      crypto/ghash-generic.o
  CC      crypto/af_alg.o
  CC      crypto/algif_hash.o
  CC      crypto/algif_skcipher.o
  CC      crypto/algif_rng.o
  CC      crypto/algif_aead.o
  CC      crypto/xor.o
  CC      crypto/async_tx/async_tx.o
  CC      crypto/async_tx/async_memcpy.o
  CC      crypto/async_tx/async_xor.o
  CC      crypto/async_tx/async_pq.o
  CC      crypto/async_tx/async_raid6_recov.o
  CC      crypto/asymmetric_keys/asymmetric_type.o
  CC      crypto/asymmetric_keys/restrict.o
  CC      crypto/asymmetric_keys/signature.o
  CC      crypto/asymmetric_keys/public_key.o
  CC      crypto/asymmetric_keys/x509_loader.o
  CC      crypto/asymmetric_keys/x509_public_key.o
  CC      crypto/asymmetric_keys/x509_cert_parser.o
  CC      crypto/asymmetric_keys/pkcs7_trust.o
  CC      crypto/asymmetric_keys/pkcs7_verify.o
  CC      crypto/asymmetric_keys/pkcs7_parser.o
  CC      crypto/asymmetric_keys/pkcs8_parser.o
  CC      lib/lockref.o
  CC      lib/bcd.o
  CC      lib/sort.o
  CC      lib/parser.o
  CC      lib/debug_locks.o
  CC      lib/random32.o
  CC      lib/bust_spinlocks.o
  CC      lib/kasprintf.o
  CC      lib/bitmap.o
  CC      lib/scatterlist.o
  CC      lib/list_sort.o
  CC      lib/uuid.o
  CC      lib/iov_iter.o
  CC      lib/clz_ctz.o
  CC      lib/bsearch.o
  CC      lib/find_bit.o
  CC      lib/llist.o
  CC      lib/memweight.o
  CC      lib/kfifo.o
  CC      lib/percpu-refcount.o
  CC      lib/rhashtable.o
  CC      lib/base64.o
  CC      lib/once.o
  CC      lib/refcount.o
  CC      lib/usercopy.o
  CC      lib/errseq.o
  CC      lib/bucket_locks.o
  CC      lib/generic-radix-tree.o
  CC      lib/string.o
  CC      lib/timerqueue.o
  CC      lib/vsprintf.o
  CC      lib/win_minmax.o
  CC      lib/xarray.o
  CC      lib/xxhash.o
  CC      lib/crc-ccitt.o
  CC      lib/crc16.o
  CC      lib/crc-t10dif.o
  CC      lib/crc-itu-t.o
  CC      lib/crc32.o
  CC      lib/crc64.o
  CC      lib/crc4.o
  CC      lib/crc7.o
  CC      lib/crc8.o
  CC      lib/libcrc32c.o
  CC      lib/xxhash.o
  CC      lib/genalloc.o
  CC      lib/842/842_compress.o
  CC      lib/842/842_decompress.o
  CC      lib/lz4/lz4_compress.o
  CC      lib/lz4/lz4_decompress.o
  CC      lib/lz4/lz4hc_compress.o
  CC      lib/lzo/lzo1x_compress.o
  CC      lib/lzo/lzo1x_decompress_safe.o
  CC      lib/zlib_deflate/deflate.o
  CC      lib/zlib_deflate/deftree.o
  CC      lib/zlib_deflate/deflate_syms.o
  CC      lib/zlib_inflate/inffast.o
  CC      lib/zlib_inflate/inflate.o
  CC      lib/zlib_inflate/infutil.o
  CC      lib/zlib_inflate/inftrees.o
  CC      lib/zlib_inflate/inflate_syms.o
  CC      lib/zstd/entropy_common.o
  CC      lib/zstd/fse_decompress.o
  CC      lib/zstd/zstd_common.o
  CC      lib/zstd/huf_compress.o
  CC      lib/zstd/huf_decompress.o
  CC      lib/zstd/compress.o
  CC      lib/zstd/decompress.o
  CC      lib/zstd/fse_compress.o
  CC      lib/zstd/zstd_decompress_module.o
  CC      lib/math/div64.o
  CC      lib/math/gcd.o
  CC      lib/math/lcm.o
  CC      lib/math/int_pow.o
  CC      lib/math/int_sqrt.o
  CC      lib/math/reciprocal_div.o
  CC      lib/crypto/chacha.o
  CC      lib/crypto/aes.o
  CC      lib/crypto/sha1.o
  CC      lib/crypto/sha256.o
  CC      lib/crypto/des.o
  CC      lib/crypto/arc4.o
  CC      lib/crypto/blake2s.o
  CC      lib/crypto/blake2s-generic.o
  CC      lib/crypto/blake2s-selftest.o
  CC      lib/crypto/curve25519-fiat32.o
  CC      lib/crypto/curve25519-hacl64.o
  CC      lib/crypto/curve25519-generic.o
  CC      lib/crypto/poly1305-donna32.o
  CC      lib/crypto/poly1305-donna64.o
  CC      lib/crypto/chacha20poly1305.o
  CC      lib/crypto/chacha20poly1305-selftest.o
  AS      arch/x86/lib/checksum_32.o
  AS      arch/x86/lib/clear_page_64.o
  CC      arch/x86/lib/cmdline.o
  AS      arch/x86/lib/cmpxchg16b_emu.o
  AS      arch/x86/lib/copy_mc.o
  AS      arch/x86/lib/copy_mc_64.o
  AS      arch/x86/lib/copy_page_64.o
  AS      arch/x86/lib/copy_user_64.o
  CC      arch/x86/lib/cpu.o
  CC      arch/x86/lib/csum-partial_64.o
  CC      arch/x86/lib/csum-wrappers_64.o
  CC      arch/x86/lib/delay.o
  CC      arch/x86/lib/error-inject.o
  CC      arch/x86/lib/getuser.o
  AS      arch/x86/lib/hweight.o
  CC      arch/x86/lib/inat.o
  CC      arch/x86/lib/insn-eval.o
  CC      arch/x86/lib/insn.o
  AS      arch/x86/lib/iomap_copy_64.o
  CC      arch/x86/lib/iomem.o
  CC      arch/x86/lib/kaslr.o
  AS      arch/x86/lib/memcpy_64.o
  AS      arch/x86/lib/memmove_64.o
  AS      arch/x86/lib/memset_64.o
  CC      arch/x86/lib/misc.o
  AS      arch/x86/lib/msr-reg.o
  CC      arch/x86/lib/msr-reg-export.o
  AS      arch/x86/lib/msr.o
  CC      arch/x86/lib/msr-smp.o
  CC      arch/x86/lib/pc-conf-reg.o
  CC      arch/x86/lib/putuser.o
  AS      arch/x86/lib/retpoline.o
  AS      arch/x86/lib/rwsem.o
  CC      arch/x86/lib/usercopy.o
  CC      arch/x86/lib/usercopy_64.o
  CC      arch/x86/lib/x86-opcode-map.o
  AR      lib/lib.a
  EXPORTS lib/lib-ksyms.o
  LD      vmlinux.o
  MODPOST vmlinux.symvers
  MODINFO modules.builtin.modinfo
  GEN     modules.builtin
  LD      .tmp_vmlinux.kallsyms1
  KSYMS   .tmp_vmlinux.kallsyms1.S
  AS      .tmp_vmlinux.kallsyms1.o
  LD      .tmp_vmlinux.kallsyms2
  KSYMS   .tmp_vmlinux.kallsyms2.S
  AS      .tmp_vmlinux.kallsyms2.o
  LD      vmlinux
  SORTTAB vmlinux
  SYSMAP  System.map
  OBJCOPY arch/x86/boot/vmlinux.bin
  AS      arch/x86/boot/header.o
  CC      arch/x86/boot/version.o
  CC      arch/x86/boot/early_serial_console.o
  CC      arch/x86/boot/cmdline.o
  CC      arch/x86/boot/edd.o
  CC      arch/x86/boot/cpuflags.o
  CC      arch/x86/boot/cpucheck.o
  CC      arch/x86/boot/memory.o
  CC      arch/x86/boot/pm.o
  AS      arch/x86/boot/pmjump.o
  CC      arch/x86/boot/printf.o
  CC      arch/x86/boot/string.o
  CC      arch/x86/boot/tty.o
  CC      arch/x86/boot/video.o
  CC      arch/x86/boot/video-mode.o
  CC      arch/x86/boot/video-vga.o
  CC      arch/x86/boot/video-vesa.o
  CC      arch/x86/boot/video-bios.o
  CC      arch/x86/boot/a20.o
  AS      arch/x86/boot/bioscall.o
  CC      arch/x86/boot/regs.o
  LD      arch/x86/boot/setup.elf
  OBJCOPY arch/x86/boot/setup.bin
  OBJCOPY arch/x86/boot/vmlinux.bin
  BUILD   arch/x86/boot/bzImage
